<?xml version="1.0" encoding="UTF-8"?>
<!-- Generated by org.testng.reporters.JUnitXMLReporter -->
<testsuite ignored="4" hostname="DESKTOP-5347VP1" failures="2" tests="33" name="Test" time="1064.152" errors="0" timestamp="2023-01-09T22:30:11 IST">
  <testcase classname="TESTNG_KEYWORDS.KEYWORD5" name="Demo" time="0.017"/>
  <testcase classname="TESTNG_KEYWORDS.KEYWORD5" name="Demo" time="0.003"/>
  <testcase classname="TESTNG_KEYWORDS.KEYWORD5" name="Demo" time="0.016"/>
  <testcase classname="TESTNG_KEYWORDS.KEYWORD5" name="Demo" time="0.003"/>
  <testcase classname="TESTNG_KEYWORDS.KEYWORD5" name="Demo" time="0.016"/>
  <testcase classname="TESTNG_KEYWORDS.KEYWORD5" name="Demo" time="0.018"/>
  <testcase classname="TESTNG_KEYWORDS.KEYWORD5" name="Demo" time="0.006"/>
  <testcase classname="TESTNG_KEYWORDS.KEYWORD5" name="Demo" time="0.05"/>
  <testcase classname="TESTNG_KEYWORDS.KEYWORD5" name="Demo" time="0.016"/>
  <testcase classname="TESTNG_KEYWORDS.KEYWORD5" name="Demo" time="0.004"/>
  <testcase classname="TESTNG_KEYWORDS.KEYWORD1" name="Demo1" time="0.01"/>
  <testcase classname="TESTNG_KEYWORDS.KEYWORD4" name="LoginTest" time="0.002">
    <failure type="java.lang.ArithmeticException" message="/ by zero">
      <![CDATA[java.lang.ArithmeticException: / by zero
at TESTNG_KEYWORDS.KEYWORD4.LoginTest(KEYWORD4.java:8)
at java.base/java.util.ArrayList.forEach(ArrayList.java:1511)
at java.base/java.util.concurrent.FutureTask.run(FutureTask.java:264)
at java.base/java.util.concurrent.ThreadPoolExecutor.runWorker(ThreadPoolExecutor.java:1136)
at java.base/java.util.concurrent.ThreadPoolExecutor$Worker.run(ThreadPoolExecutor.java:635)
at java.base/java.lang.Thread.run(Thread.java:833)
... Removed 16 stack frames]]>
    </failure>
  </testcase> <!-- LoginTest -->
  <testcase classname="TESTNG_KEYWORDS.KEYWORD3" name="Logo1" time="0.001"/>
  <testcase classname="TESTNG_KEYWORDS.KEYWORD6" name="OrangeHRMTitle" time="0.014"/>
  <testcase classname="TESTNG_KEYWORDS.KEYWORD6" name="OrangeHRMloginlogo" time="11.14"/>
  <testcase classname="TESTNG_KEYWORDS.KEYWORD6" name="OrangeHRMlogo" time="6.199"/>
  <testcase classname="TESTNG_KEYWORDS.KEYWORD4" name="Refreshpage" time="0.002"/>
  <testcase classname="TESTNG_KEYWORDS.KEYWORD4" name="Searchpage" time="0.024"/>
  <testcase classname="TESTNG_KEYWORDS.KEYWORD1" name="Test" time="5.313"/>
  <testcase classname="TESTNG_KEYWORDS.KEYWORD6" name="Test1" time="0.002"/>
  <testcase classname="TESTNG_KEYWORDS.KEYWORD1" name="Users" time="1.447"/>
  <testcase classname="TESTNG_KEYWORDS.KEYWORD4" name="Users" time="0.0">
    <skipped/>
  </testcase> <!-- Users -->
  <testcase classname="TESTNG_KEYWORDS.KEYWORD7" name="demo" time="0.091"/>
  <testcase classname="TESTNG_KEYWORDS.KEYWORD7" name="infiniteforloop" time="0.009"/>
  <testcase classname="TESTNG_KEYWORDS.KEYWORD5" name="syso1" time="0.001"/>
  <testcase classname="TESTNG_KEYWORDS.KEYWORD2" name="users" time="1.183"/>
  <testcase classname="TESTNG_KEYWORDS.KEYWORD3" name="Test" time="11.163"/>
  <testcase classname="TESTNG_KEYWORDS.KEYWORD8" name="loop" time="0.001"/>
  <testcase classname="TESTNG_KEYWORDS.KEYWORD3" name="Users" time="6.439"/>
  <testcase classname="TESTNG_KEYWORDS.KEYWORD8" name="infiniteforloop" time="2.249">
    <failure type="org.testng.internal.thread.ThreadTimeoutException" message="Method TESTNG_KEYWORDS.KEYWORD8.infiniteforloop() didn&amp;apos;t finish within the time-out 1000">
      <![CDATA[org.testng.internal.thread.ThreadTimeoutException: Method TESTNG_KEYWORDS.KEYWORD8.infiniteforloop() didn't finish within the time-out 1000
at java.base/java.util.ArrayList.forEach(ArrayList.java:1511)
at java.base/java.util.concurrent.FutureTask.run(FutureTask.java:264)
at java.base/java.util.concurrent.ThreadPoolExecutor.runWorker(ThreadPoolExecutor.java:1136)
at java.base/java.util.concurrent.ThreadPoolExecutor$Worker.run(ThreadPoolExecutor.java:635)
at java.base/java.lang.Thread.run(Thread.java:833)
... Removed 15 stack frames]]>
    </failure>
  </testcase> <!-- infiniteforloop -->
  <testcase classname="TESTNG_KEYWORDS.KEYWORD3" name="demo1" time="0.388"/>
  <testcase classname="TESTNG_KEYWORDS.KEYWORD3" name="Logo3" time="137.323"/>
  <testcase classname="TESTNG_KEYWORDS.KEYWORD3" name="Logo2" time="0.004"/>
  <testcase classname="TESTNG_KEYWORDS.KEYWORD2" name="demo1" time="0.0">
    <ignored/>
  </testcase> <!-- demo1 -->
  <testcase classname="TESTNG_KEYWORDS.KEYWORD6" name="Dashboard" time="0.0">
    <ignored/>
  </testcase> <!-- Dashboard -->
  <testcase classname="TESTNG_KEYWORDS.KEYWORD6" name="Dashboardtimeatwork" time="0.0">
    <ignored/>
  </testcase> <!-- Dashboardtimeatwork -->
  <testcase classname="TESTNG_KEYWORDS.KEYWORD2" name="Test" time="0.0">
    <ignored/>
  </testcase> <!-- Test -->
</testsuite> <!-- Test -->
