<?xml version="1.0" encoding="UTF-8"?>
<!-- Generated by org.testng.reporters.JUnitXMLReporter -->
<testsuite ignored="2" hostname="DESKTOP-5347VP1" failures="0" tests="1" name="Test(failed)" time="51.484" errors="0" timestamp="2023-01-10T22:27:54 IST">
  <testcase classname="TESTNG_KEYWORDS.KEYWORD1" name="Users" time="7.357"/>
  <testcase classname="TESTNG_KEYWORDS.KEYWORD1" name="Demo1" time="0.0">
    <ignored/>
  </testcase> <!-- Demo1 -->
  <testcase classname="TESTNG_KEYWORDS.KEYWORD1" name="Test" time="0.0">
    <ignored/>
  </testcase> <!-- Test -->
</testsuite> <!-- Test(failed) -->
