<?xml version="1.0" encoding="UTF-8"?>
<testng-results ignored="0" total="1" passed="1" failed="0" skipped="0">
  <reporter-output>
  </reporter-output>
  <suite started-at="2023-01-16T08:37:25 IST" name="Default suite" finished-at="2023-01-16T08:37:39 IST" duration-ms="14509">
    <groups>
    </groups>
    <test started-at="2023-01-16T08:37:25 IST" name="Default test" finished-at="2023-01-16T08:37:39 IST" duration-ms="14509">
      <class name="Com.Ecommerce.TestCases.TC_LoginTestcase">
        <test-method is-config="true" signature="SetUp()[pri:0, instance:Com.Ecommerce.TestCases.TC_LoginTestcase@61dd025]" started-at="2023-01-16T08:37:25 IST" name="SetUp" finished-at="2023-01-16T08:37:36 IST" duration-ms="11619" status="PASS">
          <reporter-output>
          </reporter-output>
        </test-method> <!-- SetUp -->
        <test-method signature="LoginTestCase()[pri:0, instance:Com.Ecommerce.TestCases.TC_LoginTestcase@61dd025]" started-at="2023-01-16T08:37:36 IST" name="LoginTestCase" finished-at="2023-01-16T08:37:39 IST" duration-ms="2736" status="PASS">
          <reporter-output>
          </reporter-output>
        </test-method> <!-- LoginTestCase -->
        <test-method is-config="true" signature="TearDown()[pri:0, instance:Com.Ecommerce.TestCases.TC_LoginTestcase@61dd025]" started-at="2023-01-16T08:37:39 IST" name="TearDown" finished-at="2023-01-16T08:37:39 IST" duration-ms="120" status="PASS">
          <reporter-output>
          </reporter-output>
        </test-method> <!-- TearDown -->
      </class> <!-- Com.Ecommerce.TestCases.TC_LoginTestcase -->
    </test> <!-- Default test -->
  </suite> <!-- Default suite -->
</testng-results>
