<?xml version="1.0" encoding="UTF-8"?>
<!-- Generated by org.testng.reporters.JUnitXMLReporter -->
<testsuite ignored="0" hostname="DESKTOP-5347VP1" failures="0" tests="4" name="Test1" time="66.711" errors="0" timestamp="2023-02-04T16:27:02 IST">
  <testcase classname="TESTNGPARALLELTESTING.TEST2" name="Link" time="23.186"/>
  <testcase classname="TESTNGPARALLELTESTING.TEST2" name="Link1" time="21.724"/>
  <testcase classname="TESTNGPARALLELTESTING.TEST1" name="Demo1" time="10.069"/>
  <testcase classname="TESTNGPARALLELTESTING.TEST1" name="Demo2" time="11.406"/>
</testsuite> <!-- Test1 -->
