<?xml version="1.0" encoding="UTF-8"?>
<!-- Generated by org.testng.reporters.JUnitXMLReporter -->
<testsuite ignored="0" hostname="DESKTOP-5347VP1" failures="0" tests="4" name="Test" time="69.181" errors="0" timestamp="2023-02-04T16:27:04 IST">
  <testcase classname="TESTNGPARALLELTESTING.TEST2" name="Link" time="23.188"/>
  <testcase classname="TESTNGPARALLELTESTING.TEST2" name="Link1" time="21.767"/>
  <testcase classname="TESTNGPARALLELTESTING.TEST1" name="Demo1" time="15.191"/>
  <testcase classname="TESTNGPARALLELTESTING.TEST1" name="Demo2" time="8.747"/>
</testsuite> <!-- Test -->
